[    0.000000] Initializing cgroup subsys cpuset
[    0.000000] Initializing cgroup subsys cpu
[    0.000000] Initializing cgroup subsys cpuacct
[    0.000000] Linux version 4.4.0-70-generic (buildd@lgw01-13) (gcc version 5.4.0 20160609 (Ubuntu 5.4.0-6ubuntu1~16.04.4) ) #91-Ubuntu SMP Wed Mar 22 12:47:43 UTC 2017 (Ubuntu 4.4.0-70.91-generic 4.4.49)
[    0.000000] Command line: BOOT_IMAGE=/boot/vmlinuz-4.4.0-70-generic root=LABEL=cloudimg-rootfs ro console=tty1 console=ttyS0
[    0.000000] KERNEL supported cpus:
[    0.000000]   Intel GenuineIntel
[    0.000000]   AMD AuthenticAMD
[    0.000000]   Centaur CentaurHauls
[    0.000000] x86/fpu: xstate_offset[2]:  576, xstate_sizes[2]:  256
[    0.000000] x86/fpu: Supporting XSAVE feature 0x01: 'x87 floating point registers'
[    0.000000] x86/fpu: Supporting XSAVE feature 0x02: 'SSE registers'
[    0.000000] x86/fpu: Supporting XSAVE feature 0x04: 'AVX registers'
[    0.000000] x86/fpu: Enabled xstate features 0x7, context size is 832 bytes, using 'standard' format.
[    0.000000] x86/fpu: Using 'lazy' FPU context switches.
[    0.000000] e820: BIOS-provided physical RAM map:
[    0.000000] BIOS-e820: [mem 0x0000000000000000-0x000000000009fbff] usable
[    0.000000] BIOS-e820: [mem 0x000000000009fc00-0x000000000009ffff] reserved
[    0.000000] BIOS-e820: [mem 0x00000000000f0000-0x00000000000fffff] reserved
[    0.000000] BIOS-e820: [mem 0x0000000000100000-0x000000007ffeffff] usable
[    0.000000] BIOS-e820: [mem 0x000000007fff0000-0x000000007fffffff] ACPI data
[    0.000000] BIOS-e820: [mem 0x00000000fec00000-0x00000000fec00fff] reserved
[    0.000000] BIOS-e820: [mem 0x00000000fee00000-0x00000000fee00fff] reserved
[    0.000000] BIOS-e820: [mem 0x00000000fffc0000-0x00000000ffffffff] reserved
[    0.000000] NX (Execute Disable) protection: active
[    0.000000] SMBIOS 2.5 present.
[    0.000000] Hypervisor detected: KVM
[    0.000000] e820: last_pfn = 0x7fff0 max_arch_pfn = 0x400000000
[    0.000000] MTRR: Disabled
[    0.000000] x86/PAT: MTRRs disabled, skipping PAT initialization too.
[    0.000000] x86/PAT: Configuration [0-7]: WB  WT  UC- UC  WB  WT  UC- UC  
[    0.000000] CPU MTRRs all blank - virtualized system.
[    0.000000] found SMP MP-table at [mem 0x0009fff0-0x0009ffff] mapped at [ffff88000009fff0]
[    0.000000] Scanning 1 areas for low memory corruption
[    0.000000] RAMDISK: [mem 0x36b0a000-0x3757cfff]
[    0.000000] ACPI: Early table checksum verification disabled
[    0.000000] ACPI: RSDP 0x00000000000E0000 000024 (v02 VBOX  )
[    0.000000] ACPI: XSDT 0x000000007FFF0030 00003C (v01 VBOX   VBOXXSDT 00000001 ASL  00000061)
[    0.000000] ACPI: FACP 0x000000007FFF00F0 0000F4 (v04 VBOX   VBOXFACP 00000001 ASL  00000061)
[    0.000000] ACPI: DSDT 0x000000007FFF0470 0021C8 (v02 VBOX   VBOXBIOS 00000002 INTL 20100528)
[    0.000000] ACPI: FACS 0x000000007FFF0200 000040
[    0.000000] ACPI: FACS 0x000000007FFF0200 000040
[    0.000000] ACPI: APIC 0x000000007FFF0240 00005C (v02 VBOX   VBOXAPIC 00000001 ASL  00000061)
[    0.000000] ACPI: SSDT 0x000000007FFF02A0 0001CC (v01 VBOX   VBOXCPUT 00000002 INTL 20100528)
[    0.000000] No NUMA configuration found
[    0.000000] Faking a node at [mem 0x0000000000000000-0x000000007ffeffff]
[    0.000000] NODE_DATA(0) allocated [mem 0x7ffeb000-0x7ffeffff]
[    0.000000] kvm-clock: Using msrs 4b564d01 and 4b564d00
[    0.000000] kvm-clock: cpu 0, msr 0:7ffe3001, primary cpu clock
[    0.000000] kvm-clock: using sched offset of 2931106626 cycles
[    0.000000] clocksource: kvm-clock: mask: 0xffffffffffffffff max_cycles: 0x1cd42e4dffb, max_idle_ns: 881590591483 ns
[    0.000000] Zone ranges:
[    0.000000]   DMA      [mem 0x0000000000001000-0x0000000000ffffff]
[    0.000000]   DMA32    [mem 0x0000000001000000-0x000000007ffeffff]
[    0.000000]   Normal   empty
[    0.000000]   Device   empty
[    0.000000] Movable zone start for each node
[    0.000000] Early memory node ranges
[    0.000000]   node   0: [mem 0x0000000000001000-0x000000000009efff]
[    0.000000]   node   0: [mem 0x0000000000100000-0x000000007ffeffff]
[    0.000000] Initmem setup node 0 [mem 0x0000000000001000-0x000000007ffeffff]
[    0.000000] ACPI: PM-Timer IO Port: 0x4008
[    0.000000] IOAPIC[0]: apic_id 2, version 32, address 0xfec00000, GSI 0-23
[    0.000000] ACPI: INT_SRC_OVR (bus 0 bus_irq 0 global_irq 2 dfl dfl)
[    0.000000] ACPI: INT_SRC_OVR (bus 0 bus_irq 9 global_irq 9 high level)
[    0.000000] Using ACPI (MADT) for SMP configuration information
[    0.000000] smpboot: Allowing 2 CPUs, 0 hotplug CPUs
[    0.000000] PM: Registered nosave memory: [mem 0x00000000-0x00000fff]
[    0.000000] PM: Registered nosave memory: [mem 0x0009f000-0x0009ffff]
[    0.000000] PM: Registered nosave memory: [mem 0x000a0000-0x000effff]
[    0.000000] PM: Registered nosave memory: [mem 0x000f0000-0x000fffff]
[    0.000000] e820: [mem 0x80000000-0xfebfffff] available for PCI devices
[    0.000000] Booting paravirtualized kernel on KVM
[    0.000000] clocksource: refined-jiffies: mask: 0xffffffff max_cycles: 0xffffffff, max_idle_ns: 7645519600211568 ns
[    0.000000] setup_percpu: NR_CPUS:512 nr_cpumask_bits:512 nr_cpu_ids:2 nr_node_ids:1
[    0.000000] PERCPU: Embedded 33 pages/cpu @ffff88007fc00000 s98264 r8192 d28712 u1048576
[    0.000000] PV qspinlock hash table entries: 256 (order: 0, 4096 bytes)
[    0.000000] Built 1 zonelists in Node order, mobility grouping on.  Total pages: 515961
[    0.000000] Policy zone: DMA32
[    0.000000] Kernel command line: BOOT_IMAGE=/boot/vmlinuz-4.4.0-70-generic root=LABEL=cloudimg-rootfs ro console=tty1 console=ttyS0
[    0.000000] PID hash table entries: 4096 (order: 3, 32768 bytes)
[    0.000000] Memory: 2034072K/2096696K available (8452K kernel code, 1293K rwdata, 3976K rodata, 1484K init, 1316K bss, 62624K reserved, 0K cma-reserved)
[    0.000000] SLUB: HWalign=64, Order=0-3, MinObjects=0, CPUs=2, Nodes=1
[    0.000000] Hierarchical RCU implementation.
[    0.000000] 	Build-time adjustment of leaf fanout to 64.
[    0.000000] 	RCU restricting CPUs from NR_CPUS=512 to nr_cpu_ids=2.
[    0.000000] RCU: Adjusting geometry for rcu_fanout_leaf=64, nr_cpu_ids=2
[    0.000000] NR_IRQS:33024 nr_irqs:440 16
[    0.000000] Console: colour VGA+ 80x25
[    0.000000] console [tty1] enabled
[    0.000000] console [ttyS0] enabled
[    0.000000] tsc: Detected 2903.998 MHz processor
[   12.369397] Calibrating delay loop (skipped) preset value.. 5807.99 BogoMIPS (lpj=11615992)
[   12.552917] pid_max: default: 32768 minimum: 301
[   12.615168] ACPI: Core revision 20150930
[   12.665852] ACPI: 2 ACPI AML tables successfully acquired and loaded
[   12.771268] Security Framework initialized
[   12.852946] Yama: becoming mindful.
[   12.945620] AppArmor: AppArmor initialized
[   13.050711] Dentry cache hash table entries: 262144 (order: 9, 2097152 bytes)
[   13.178029] Inode-cache hash table entries: 131072 (order: 8, 1048576 bytes)
[   13.179148] Mount-cache hash table entries: 4096 (order: 3, 32768 bytes)
[   13.180107] Mountpoint-cache hash table entries: 4096 (order: 3, 32768 bytes)
[   13.182646] Initializing cgroup subsys io
[   13.291434] Initializing cgroup subsys memory
[   13.367042] Initializing cgroup subsys devices
[   13.457609] Initializing cgroup subsys freezer
[   13.560941] Initializing cgroup subsys net_cls
[   13.689917] Initializing cgroup subsys perf_event
[   13.818485] Initializing cgroup subsys net_prio
[   13.940481] Initializing cgroup subsys hugetlb
[   13.964269] Initializing cgroup subsys pids
[   14.040439] CPU: Physical Processor ID: 0
[   14.153957] CPU: Processor Core ID: 0
[   14.245884] mce: CPU supports 0 MCE banks
[   14.363577] Last level iTLB entries: 4KB 64, 2MB 8, 4MB 8
[   14.452798] Last level dTLB entries: 4KB 64, 2MB 0, 4MB 0, 1GB 4
[   14.592162] Freeing SMP alternatives memory: 32K (ffffffff820b8000 - ffffffff820c0000)
[   14.747409] ftrace: allocating 32111 entries in 126 pages
[   14.921815] smpboot: APIC(0) Converting physical 0 to logical package 0
[   15.103017] smpboot: Max logical packages: 1
[   15.214749] x2apic enabled
[   15.295450] Switched APIC routing to physical x2apic.
[   15.416721] ..TIMER: vector=0x30 apic1=0 pin1=2 apic2=-1 pin2=-1
[   15.652984] smpboot: CPU0: Intel(R) Core(TM) i7-6920HQ CPU @ 2.90GHz (family: 0x6, model: 0x5e, stepping: 0x3)
[   15.923941] Performance Events: unsupported p6 CPU model 94 no PMU driver, software events only.
[   16.169477] KVM setup paravirtual spinlock
[   16.294435] x86: Booting SMP configuration:
[   16.409543] .... node  #0, CPUs:      #1
[   16.499664] kvm-clock: cpu 1, msr 0:7ffe3041, secondary cpu clock
[   16.596835] mce: CPU supports 0 MCE banks
[   16.612771] x86: Booted up 1 node, 2 CPUs
[   16.663273] smpboot: Total of 2 processors activated (11615.99 BogoMIPS)
[   16.854531] devtmpfs: initialized
[   16.954528] evm: security.selinux
[   17.039547] evm: security.SMACK64
[   17.127884] evm: security.SMACK64EXEC
[   17.226254] evm: security.SMACK64TRANSMUTE
[   17.353694] evm: security.SMACK64MMAP
[   17.437805] evm: security.ima
[   17.519893] evm: security.capability
[   17.618441] clocksource: jiffies: mask: 0xffffffff max_cycles: 0xffffffff, max_idle_ns: 7645041785100000 ns
[   17.733036] pinctrl core: initialized pinctrl subsystem
[   17.873577] RTC time: 12:19:58, date: 04/18/17
[   17.992396] NET: Registered protocol family 16
[   18.119123] cpuidle: using governor ladder
[   18.240125] cpuidle: using governor menu
[   18.352136] PCCT header not found.
[   18.450387] ACPI: bus type PCI registered
[   18.549527] acpiphp: ACPI Hot Plug PCI Controller Driver version: 0.5
[   18.723050] PCI: Using configuration type 1 for base access
[   18.791301] ACPI: Added _OSI(Module Device)
[   18.897076] ACPI: Added _OSI(Processor Device)
[   19.018203] ACPI: Added _OSI(3.0 _SCP Extensions)
[   19.128122] ACPI: Added _OSI(Processor Aggregator Device)
[   19.277550] ACPI: Executed 1 blocks of module-level executable AML code
[   19.438713] ACPI: Interpreter enabled
[   19.534571] ACPI: (supports S0 S5)
[   19.619954] ACPI: Using IOAPIC for interrupt routing
[   19.761278] PCI: Using host bridge windows from ACPI; if necessary, use "pci=nocrs" and report a bug
[   19.897842] ACPI: PCI Root Bridge [PCI0] (domain 0000 [bus 00-ff])
[   20.074786] acpi PNP0A03:00: _OSC: OS supports [ASPM ClockPM Segments MSI]
[   20.246113] acpi PNP0A03:00: _OSC failed (AE_NOT_FOUND); disabling ASPM
[   20.438156] acpi PNP0A03:00: fail to add MMCONFIG information, can't access extended PCI configuration space under this bridge.
[   20.745487] PCI host bridge to bus 0000:00
[   20.853658] pci_bus 0000:00: root bus resource [io  0x0000-0x0cf7 window]
[   20.947957] pci_bus 0000:00: root bus resource [io  0x0d00-0xffff window]
[   21.116478] pci_bus 0000:00: root bus resource [mem 0x000a0000-0x000bffff window]
[   21.284121] pci_bus 0000:00: root bus resource [mem 0x80000000-0xffdfffff window]
[   21.487370] pci_bus 0000:00: root bus resource [bus 00-ff]
[   21.624126] pci 0000:00:01.1: legacy IDE quirk: reg 0x10: [io  0x01f0-0x01f7]
[   21.817218] pci 0000:00:01.1: legacy IDE quirk: reg 0x14: [io  0x03f6]
[   21.972528] pci 0000:00:01.1: legacy IDE quirk: reg 0x18: [io  0x0170-0x0177]
[   22.039868] pci 0000:00:01.1: legacy IDE quirk: reg 0x1c: [io  0x0376]
[   22.234437] pci 0000:00:07.0: quirk: [io  0x4000-0x403f] claimed by PIIX4 ACPI
[   22.411804] pci 0000:00:07.0: quirk: [io  0x4100-0x410f] claimed by PIIX4 SMB
[   22.615103] ACPI: PCI Interrupt Link [LNKA] (IRQs 5 9 10 *11)
[   22.750181] ACPI: PCI Interrupt Link [LNKB] (IRQs 5 9 10 *11)
[   22.891006] ACPI: PCI Interrupt Link [LNKC] (IRQs 5 9 *10 11)
[   23.036453] ACPI: PCI Interrupt Link [LNKD] (IRQs 5 *9 10 11)
[   23.101362] ACPI: Enabled 2 GPEs in block 00 to 07
[   23.107133] vgaarb: setting as boot device: PCI:0000:00:02.0
[   23.108012] vgaarb: device added: PCI:0000:00:02.0,decodes=io+mem,owns=io+mem,locks=none
[   23.322184] vgaarb: loaded
[   23.393320] vgaarb: bridge control possible 0000:00:02.0
[   23.501120] SCSI subsystem initialized
[   23.597001] ACPI: bus type USB registered
[   23.694504] usbcore: registered new interface driver usbfs
[   23.855009] usbcore: registered new interface driver hub
[   24.007713] usbcore: registered new device driver usb
[   24.039173] PCI: Using ACPI for IRQ routing
[   24.149439] NetLabel: Initializing
[   24.180186] NetLabel:  domain hash size = 128
[   24.263114] NetLabel:  protocols = UNLABELED CIPSOv4
[   24.415893] NetLabel:  unlabeled traffic allowed by default
[   24.556446] amd_nb: Cannot enumerate AMD northbridges
[   24.706096] clocksource: Switched to clocksource kvm-clock
[   24.858494] AppArmor: AppArmor Filesystem Enabled
[   25.000931] pnp: PnP ACPI init
[   25.086983] pnp: PnP ACPI: found 3 devices
[   25.218787] clocksource: acpi_pm: mask: 0xffffff max_cycles: 0xffffff, max_idle_ns: 2085701024 ns
[   25.460089] NET: Registered protocol family 2
[   25.584959] TCP established hash table entries: 16384 (order: 5, 131072 bytes)
[   25.784556] TCP bind hash table entries: 16384 (order: 6, 262144 bytes)
[   25.984430] TCP: Hash tables configured (established 16384 bind 16384)
[   26.181911] UDP hash table entries: 1024 (order: 3, 32768 bytes)
[   26.335709] UDP-Lite hash table entries: 1024 (order: 3, 32768 bytes)
[   26.336699] NET: Registered protocol family 1
[   26.337416] pci 0000:00:00.0: Limiting direct PCI/PCI transfers
[   26.338323] pci 0000:00:01.0: Activating ISA DMA hang workarounds
[   26.339332] Unpacking initramfs...
[   27.871503] Freeing initrd memory: 10700K (ffff880036b0a000 - ffff88003757d000)
[   28.009747] platform rtc_cmos: registered platform RTC device (no PNP device found)
[   28.015919] Scanning for low memory corruption every 60 seconds
[   28.186896] futex hash table entries: 512 (order: 3, 32768 bytes)
[   28.403757] audit: initializing netlink subsys (disabled)
[   28.472250] audit: type=2000 audit(1492517989.508:1): initialized
[   28.486979] Initialise system trusted keyring
[   28.493619] HugeTLB registered 2 MB page size, pre-allocated 0 pages
[   28.733758] zbud: loaded
[   28.871451] VFS: Disk quotas dquot_6.6.0
[   29.053462] tsc: Refined TSC clocksource calibration: 2904.338 MHz
[   29.361767] clocksource: tsc: mask: 0xffffffffffffffff max_cycles: 0x29dd450fd4f, max_idle_ns: 440795304085 ns
[   29.361861] VFS: Dquot-cache hash table entries: 512 (order 0, 4096 bytes)
[   29.362058] squashfs: vession 4.0 (2009/01/31) Phillip Lougher
[   29.554182] fuse init (API version 7.23)
[   29.554313] Key type big_key registered
[   29.554326] Allocating IMA MOK and blacklist keyrings.
[   29.554486] Key type asymmetric registered
[   29.554492] Asymmetric key parser 'x509' registered
[   29.554520] Block layer SCSI generic (bsg) driver version 0.4 loaded (major 249)
[   29.554542] io scheduler noop registered
[   29.554543] io scheduler deadline registered (default)
[   29.554566] io scheduler cfq registered
[   29.554647] pci_hotplug: PCI Hot Plug PCI Core version: 0.5
[   29.554651] pciehp: PCI Express Hot Plug Controller Driver version: 0.4
[   29.554928] ACPI: AC Adapter [AC] (on-line)
[   29.554970] input: Power Button as /devices/LNXSYSTM:00/LNXPWRBN:00/input/input0
[   29.554972] ACPI: Power Button [PWRF]
[   29.555028] input: Sleep Button as /devices/LNXSYSTM:00/LNXSLPBN:00/input/input1
[   29.555029] ACPI: Sleep Button [SLPF]
[   29.555133] GHES: HEST is not enabled!
[   29.555194] Serial: 8250/16550 driver, 32 ports, IRQ sharing enabled
[   29.594887] 00:02: ttyS0 at I/O 0x3f8 (irq = 4, base_baud = 115200) is a 16550A
[   29.833619] Linux agpgart interface v0.103
[   29.934447] loop: module loaded
[   29.934837] scsi host0: ata_piix
[   29.934876] scsi host1: ata_piix
[   29.934898] ata1: PATA max UDMA/33 cmd 0x1f0 ctl 0x3f6 bmdma 0xd000 irq 14
[   29.934899] ata2: PATA max UDMA/33 cmd 0x170 ctl 0x376 bmdma 0xd008 irq 15
[   29.934952] libphy: Fixed MDIO Bus: probed
[   29.934954] tun: Universal TUN/TAP device driver, 1.6
[   29.934954] tun: (C) 1999-2004 Max Krasnyansky <maxk@qualcomm.com>
[   29.934980] PPP generic driver version 2.4.2
[   29.935014] ehci_hcd: USB 2.0 'Enhanced' Host Controller (EHCI) Driver
[   29.935017] ehci-pci: EHCI PCI platform driver
[   29.935028] ehci-platform: EHCI generic platform driver
[   29.935034] ohci_hcd: USB 1.1 'Open' Host Controller (OHCI) Driver
[   29.935036] ohci-pci: OHCI PCI platform driver
[   29.935042] ohci-platform: OHCI generic platform driver
[   29.935047] uhci_hcd: USB Universal Host Controller Interface driver
[   29.935088] i8042: PNP: PS/2 Controller [PNP0303:PS2K,PNP0f03:PS2M] at 0x60,0x64 irq 1,12
[   29.935474] serio: i8042 KBD port at 0x60,0x64 irq 1
[   29.935477] serio: i8042 AUX port at 0x60,0x64 irq 12
[   29.935550] mousedev: PS/2 mouse device common for all mice
[   29.935753] input: AT Translated Set 2 keyboard as /devices/platform/i8042/serio0/input/input2
[   29.936014] rtc_cmos rtc_cmos: rtc core: registered rtc_cmos as rtc0
[   29.936057] rtc_cmos rtc_cmos: alarms up to one day, 114 bytes nvram
[   29.936061] i2c /dev entries driver
[   29.936101] device-mapper: uevent: version 1.0.3
[   29.936138] device-mapper: ioctl: 4.34.0-ioctl (2015-10-28) initialised: dm-devel@redhat.com
[   29.936152] ledtrig-cpu: registered to indicate activity on CPUs
[   29.936336] NET: Registered protocol family 10
[   29.936443] NET: Registered protocol family 17
[   29.936451] Key type dns_resolver registered
[   29.936544] microcode: CPU0 sig=0x506e3, pf=0x2, revision=0x0
[   30.051047] microcode: CPU1 sig=0x506e3, pf=0x2, revision=0x0
[   30.051112] microcode: Microcode Update Driver: v2.01 <tigran@aivazian.fsnet.co.uk>, Peter Oruba
[   30.051217] registered taskstats version 1
[   30.051227] Loading compiled-in X.509 certificates
[   30.051695] Loaded X.509 cert 'Build time autogenerated kernel key: a4cff54e0cc9179d8dcdcbb195a5dba42f5df569'
[   30.051712] zswap: loaded using pool lzo/zbud
[   30.052456] ACPI: Battery Slot [BAT0] (battery present)
[   30.054273] Key type trusted registered
[   30.055985] Key type encrypted registered
[   30.055988] AppArmor: AppArmor sha1 policy hashing enabled
[   30.055990] ima: No TPM chip found, activating TPM-bypass!
[   30.056004] evm: HMAC attrs: 0x1
[   30.056230]   Magic number: 13:881:329
[   30.056246] tty tty50: hash matches
[   30.153410] rtc_cmos rtc_cmos: setting system clock to 2017-04-18 12:20:10 UTC (1492518010)
[   30.153511] BIOS EDD facility v0.16 2004-Jun-25, 0 devices found
[   30.153512] EDD information not available.
[   34.536182] Freeing unused kernel memory: 1484K (ffffffff81f45000 - ffffffff820b8000)
[   34.537436] Write protecting the kernel read-only data: 14336k
[   34.588376] Freeing unused kernel memory: 1776K (ffff880001844000 - ffff880001a00000)
[   34.700701] Freeing unused kernel memory: 120K (ffff880001de2000 - ffff880001e00000)
Loading, please wait...
starting version[   34.711199] random: systemd-udevd: uninitialized urandom read (16 bytes read, 7 bits of entropy available)
 229
[   34.711638] random: udevadm: uninitialized urandom read (16 bytes read, 7 bits of entropy available)
[   34.711669] random: udevadm: uninitialized urandom read (16 bytes read, 7 bits of entropy available)
[   34.711756] random: udevadm: uninitialized urandom read (16 bytes read, 7 bits of entropy available)
[   34.711788] random: udevadm: uninitialized urandom read (16 bytes read, 7 bits of entropy available)
[   34.711819] random: udevadm: uninitialized urandom read (16 bytes read, 7 bits of entropy available)
[   34.711849] random: udevadm: uninitialized urandom read (16 bytes read, 7 bits of entropy available)
[   34.711877] random: udevadm: uninitialized urandom read (16 bytes read, 7 bits of entropy available)
[   34.711906] random: udevadm: uninitialized urandom read (16 bytes read, 7 bits of entropy available)
[   34.711932] random: udevadm: uninitialized urandom read (16 bytes read, 7 bits of entropy available)
[   36.513186] e1000: Intel(R) PRO/1000 Network Driver - version 7.3.21-k8-NAPI
[   36.792501] e1000: Copyright (c) 1999-2006 Intel Corporation.
[   37.008036] Fusion MPT base driver 3.04.20
[   37.099477] Copyright (c) 1999-2008 LSI Corporation
[   37.129136] Fusion MPT SPI Host driver 3.04.20
[   37.253668] AVX version of gcm_enc/dec engaged.
[   37.358912] AES CTR mode by8 optimization enabled
[   37.497640] input: ImExPS/2 Generic Explorer Mouse as /devices/platform/i8042/serio1/input/input4
[   37.554395] e1000 0000:00:03.0 eth0: (PCI:33MHz:32-bit) 02:c3:5d:84:7e:20
[   37.554398] e1000 0000:00:03.0 eth0: Intel(R) PRO/1000 Network Connection
[   37.554879] mptbase: ioc0: Initiating bringup
[   37.621061] ioc0: LSI53C1030 A0: Capabilities={Initiator}
[   37.782364] scsi host2: ioc0: LSI53C1030 A0, FwRev=00000000h, Ports=1, MaxQ=256, IRQ=20
[   38.271849] scsi 2:0:0:0: Direct-Access     VBOX     HARDDISK         1.0  PQ: 0 ANSI: 5
[   38.271852] scsi target2:0:0: Beginning Domain Validation
[   38.272669] scsi target2:0:0: Domain Validation skipping write tests
[   38.272669] scsi target2:0:0: Ending Domain Validation
[   38.272699] scsi target2:0:0: asynchronous
[   38.272901] scsi 2:0:1:0: Direct-Access     VBOX     HARDDISK         1.0  PQ: 0 ANSI: 5
[   38.272903] scsi target2:0:1: Beginning Domain Validation
[   38.273435] scsi target2:0:1: Domain Validation skipping write tests
[   38.273436] scsi target2:0:1: Ending Domain Validation
[   38.273465] scsi target2:0:1: asynchronous
[   38.623958] e1000 0000:00:08.0 eth1: (PCI:33MHz:32-bit) 08:00:27:de:72:11
[   38.623962] e1000 0000:00:08.0 eth1: Intel(R) PRO/1000 Network Connection
[   38.883969] e1000 0000:00:08.0 enp0s8: renamed from eth1
[   40.126392] floppy0: no floppy controllers found
[   40.380166] sd 2:0:0:0: Attached scsi generic sg0 type 0
[   40.511690] e1000 0000:00:03.0 enp0s3: renamed from eth0
[   40.514830] sd 2:0:0:0: [sda] 20971520 512-byte logical blocks: (10.7 GB/10.0 GiB)
[   40.671328] sd 2:0:1:0: Attached scsi generic sg1 type 0
[   41.010087] sd 2:0:1:0: [sdb] 20480 512-byte logical blocks: (10.5 MB/10.0 MiB)
[   41.241417] sd 2:0:0:0: [sda] Write Protect is off
[   41.411394] sd 2:0:1:0: [sdb] Write Protect is off
[   41.411488] sd 2:0:1:0: [sdb] Incomplete mode parameter data
[   41.411490] sd 2:0:1:0: [sdb] Assuming drive cache: write through
[   41.452306] sd 2:0:0:0: [sda] Incomplete mode parameter data
[   41.453072] sd 2:0:1:0: [sdb] Attached SCSI disk
[   41.863183] sd 2:0:0:0: [sda] Assuming drive cache: write through
[   42.242715]  sda: sda1
[   42.303439] sd 2:0:0:0: [sda] Attached SCSI disk
Begin: Loading e[   43.736629] md: linear personality registered for level -1
ssential drivers[   43.907777] md: multipath personality registered for level -4
 ... [   44.285327] md: raid0 personality registered for level 0
[   44.563992] md: raid1 personality registered for level 1
[   44.738526] raid6: sse2x1   gen()  9863 MB/s
[   45.006230] raid6: sse2x1   xor()  6228 MB/s
[   45.302428] raid6: sse2x2   gen() 11559 MB/s
[   45.558121] raid6: sse2x2   xor()  7703 MB/s
[   45.786983] raid6: sse2x4   gen() 12629 MB/s
[   46.050571] raid6: sse2x4   xor()  9170 MB/s
[   46.301074] raid6: using algorithm sse2x4 gen() 12629 MB/s
[   46.519802] raid6: .... xor() 9170 MB/s, rmw enabled
[   46.762652] raid6: using ssse3x2 recovery algorithm
[   46.818542] xor: automatically using best checksumming function:
[   46.990548]    avx       : 23807.000 MB/sec
[   47.120030] async_tx: api initialized (async)
[   47.358545] md: raid6 personality registered for level 6
[   47.543098] md: raid5 personality registered for level 5
[   47.783345] md: raid4 personality registered for level 4
[   47.896469] md: raid10 personality registered for level 10
done.
Begin: Running /scripts/i[   48.026999] Btrfs loaded
nit-premount ... done.
Begin: Mounting root file system ... Begin: Running /scripts/local-top ... done.
Begin: Running /scripts/local-premount ... Scanning for Btrfs filesystems
done.
Warning: fsck not present, so skipping root file system
[   48.198120] EXT4-fs (sda1): mounted filesystem with ordered data mode. Opts: (null)
done.
Begin: Running /scripts/local-bottom ... done.
Begin: Running /scripts/init-bottom ... done.
[   48.241723] systemd[1]: systemd 229 running in system mode. (+PAM +AUDIT +SELINUX +IMA +APPARMOR +SMACK +SYSVINIT +UTMP +LIBCRYPTSETUP +GCRYPT +GNUTLS +ACL +XZ -LZ4 +SECCOMP +BLKID +ELFUTILS +KMOD -IDN)
[   48.966510] systemd[1]: Detected virtualization oracle.
[   48.977239] systemd[1]: Detected architecture x86-64.

Welcome to [1mUbuntu 16.04.2 LTS[0m!

[   49.006449] systemd[1]: Set hostname to <ubuntu>.
[   49.263297] systemd[1]: Initializing machine ID from random generator.
[   49.603729] systemd[1]: Installed transient /etc/machine-id file.
[   49.881444] random: nonblocking pool is initialized
[   50.053378] systemd[1]: Set up automount Arbitrary Executable File Formats File System Automount Point.
[[0;32m  OK  [0m] Set up automount Arbitrary Executab...ats File System Automount Point.
[   50.107174] systemd[1]: Listening on Journal Socket.
[[0;32m  OK  [0m] Listening on Journal Socket.
[   50.310703] systemd[1]: Listening on /dev/initctl Compatibility Named Pipe.
[[0;32m  OK  [0m] Listening on /dev/initctl Compatibility Named Pipe.
[   50.682978] systemd[1]: Listening on LVM2 poll daemon socket.
[[0;32m  OK  [0m] Listening on LVM2 poll daemon socket.
[   50.982699] systemd[1]: Listening on udev Kernel Socket.
[[0;32m  OK  [0m] Listening on udev Kernel Socket.
[   51.145138] systemd[1]: Started Forward Password Requests to Wall Directory Watch.
[[0;32m  OK  [0m] Started Forward Password Requests to Wall Directory Watch.
[   51.375083] systemd[1]: Listening on Journal Socket (/dev/log).
[[0;32m  OK  [0m] Listening on Journal Socket (/dev/log).
[   51.651263] systemd[1]: Reached target Encrypted Volumes.
[[0;32m  OK  [0m] Reached target Encrypted Volumes.
[   51.946544] systemd[1]: Listening on Syslog Socket.
[[0;32m  OK  [0m] Listening on Syslog Socket.
[   52.214658] systemd[1]: Reached target Swap.
[[0;32m  OK  [0m] Reached target Swap.
[   52.238347] systemd[1]: Listening on Device-mapper event daemo  FIFOs.
[[0;32m  OK  [0m] Listening on Device-mapper event daemon FIFOs.
[   52.567224] systemd[1]: Listening on LVM2 metadata daemon socket.
[[0;32m  OK  [0m] Listening on LVM2 metadata daemon socket.
[   52.934907] systemd[1]: Listening on udev Control Socket.
[[0;32m  OK  [0m] Listening on udev Control Socket.
[   53.239352] systemd[1]: Reached target User and Group Name Lookups.
[[0;32m  OK  [0m] Reached target User and Group Name Lookups.
[   53.315925] systemd[1]: Listening on Journal Audit Socket.
[[0;32m  OK  [0m] Listening on Journal Audit Socket.
[   53.325169] systemd[1]: Created slice User and Session Slice.
[[0;32m  OK  [0m] Created slice User and Session Slice.
[   53.379267] systemd[1]: Creatdd sliceSSystem Slic..
[[0;32m  OK  [0m] Created slice System Slice.
[   53.738731] systemd[1]: Starting Create list of required static device nodes for the current kernel...
         Starting Create list of required st... nodes for the current kernel...
[   54.310446] systemd[1]: Starting Remount Root and Kernel File Systems...
[   54.313751] EXT4-fs (sda1): re-mounted. Opts: (null)
         Starting Remount Root and Kernel File Systems...
[   54.412105] systemd[1]: Starting Load Kernel Modules...
         Startin[   54.582216] Loading iSCSI transport class v2.0-870.
g Load Kernel Mo[   54.730710] iscsi: registered transport (tcp)
dules...
[   54.824466] iscsi: registered transport (iser)
[   54.970460] systemd[1]: Mounting Huge Pages File System...
         Mounting Huge Pages File System...
[   55.186792] systemd[1]: Starting Nameserver information manager...
         Starting Nameserver information manager...
[   55.474275] systemd[1]: Starting Journal Service...
         Starting Journal Service...
[   55.614759] systemd[1]: Reached target Slices.
[[0;32m  OK  [0m] Reached target Slices.
[   55.842839] systemd[1]: Starting Uncomplicated firewall...
         Starting Uncomplicated firewall...
[   56.004169] systemd[1]: Starting Monitoring of LVM2 mirrors, snapshots etc. using dmeventd or progress polling...
         Starting Monitoring of LVM2 mirrors... dmeventd or progress polling...
[   56.542270] systemd[1]: Starting Set console keymap...
         Starting Set console keymap...
[   56.582775] systemd[1]: Created slice system-serial\x2dgetty.slice.
[[0;32m  OK  [0m] Created slice system-serial\x2dgetty.slice.
[   56.947046] systemd[1]: Mounting POSIX Message Queue File System...
         Mounting POSIX Message Queue File System...
[   57.266900] systemd[1]: Mounting Debug File System...
         Mounting Debug File System...
[   57.543629] systemd[1]: Mounted Debug File System.
[[0;32m  OK  [0m] Mounted Debug File System.
[   57.630374] systemd[1]: Mounted Huge Pages File System.
[[0;32m  OK  [0m] Mounted Huge Pages File System.
[   57.674762] systemd[1]: Mounted POSIX Message Queue File System.
[[0;32m  OK  [0m] Mounted POSIX Message Queue File System.
[   57.939252] systemd[1]: Started Journal Service.
[[0;32m  OK  [0m] Started Journal Service.
[[0;32m  OK  [0m] Started Create list of required sta...ce nodes for the current kernel.
[[0;32m  OK  [0m] Started Remount Root and Kernel File Systems.
[[0;32m  OK  [0m] Started Load Kernel Modules.
[[0;32m  OK  [0m] Started Uncomplicated firewall.
[[0;32m  OK  [0m] Started Set console keymap.
[[0;32m  OK  [0m] Started Nameserver information manager.
[[0;32m  OK  [0m] Started LVM2 metadata daemon.
         Starting Apply Kernel Variables...
         Mounting FUSE Control File System...
         Starting Initial cloud-init job (pre-networking)...
         Starting Load/Save Random Seed...
         Starting udev Coldplug all Devices...
         Starting Create Static Device Nodes in /dev...
         Starting Flush Journal to Persistent Storage...
[[0;32m  OK  [0m] Mounted FUSE Control File System.
[[0;32m  OK  [0m] Started Apply Kernel Variables.
[[0;32m  OK  [0m] Started Load/Save Random Seed.
[[0;32m  OK  [0m] Started Create Static Device Nodes in /dev.
[[0;32m  OK  [0m] Started udev Coldplug all Devices.
[[0;32m  OK  [0m] Started Flush Journal to Persistent Storage.
[[0;32m  OK  [0m] Started Monitoring of LVM2 mirrors,...ng dmeventd or progress polling.
         Starting udev Kernel Device Manager...
[   35.044037] cloud-init[451]: Cloud-init v. 0.7.9 running 'init-local' at Tue, 18 Apr 2017 12:20:39 +0000. Up 34.89 seconds.
[[0;32m  OK  [0m] Started udev Kernel Device Manager.
[[0;32m  OK  [0m] Started Initial cloud-init job (pre-networking).
[[0;32m  OK  [0m] Found device /dev/ttyS0.
[[0;32m  OK  [0m] Listening on Load/Save RF Kill Switch Status /dev/rfkill Watch.
[[0;32m  OK  [0m] Reached target Network (Pre).
[[0;32m  OK  [0m] Started Dispatch Password Requests to Console Directory Watch.
[[0;32m  OK  [0m] Reached target Local File Systems (Pre).
[[0;32m  OK  [0m] Reached target Local File Systems.
         Starting LSB: AppArmor initialization...
         Starting Commit a transient machine-id on disk...
         Starting Create Volatile Files and Directories...
         Starting Tell Plymouth To Write Out Runtime Data...
         Starting Set console font and keymap...
[[0;32m  OK  [0m] Started Commit a transient machine-id on disk.
[[0;32m  OK  [0m] Started Create Volatile Files and Directories.
[[0;32m  OK  [0m] Started Tell Plymouth To Write Out Runtime Data.
[[0;32m  OK  [0m] Started Set console font and keymap.
[[0;32m  OK  [0m] Found device 82540EM Gigabit Ethern...r (PRO/1000 MT Desktop Adapter).
[[0;32m  OK  [0m] Created slice system-getty.slice.
         Starting Update UTMP about System Boot/Shutdown...
[[0;32m  OK  [0m] Reached target System Time Synchronized.
[[0;32m  OK  [0m] Started Update UTMP about System Boot/Shutdown.
[[0;32m  OK  [0m] Started LSB: AppArmor initialization.
[[0;32m  OK  [0m] Started ifup for enp0s3.
         Starting Raise network interfaces...
[[0;32m  OK  [0m] Started Raise network interfaces.
[[0;32m  OK  [0m] Reached target Network.
         Starting Initial cloud-init job (metadata service crawler)...
[   39.212081] cloud-init[969]: Cloud-init v. 0.7.9 running 'init' at Tue, 18 Apr 2017 12:20:42 +0000. Up 38.51 seconds.
[[0;32m  OK  [0m] Started Initial cloud-init job (metadata service crawler).
[[0;32m  OK  [0m] Reached target Cloud-config availability.
[[0;32m  OK  [0m] Reached target System Initialization.
[   39.323268] cloud-init[969]: ci-info: ++++++++++++++++++++++++++++++++++++++Net device info++++++++++++++++++++++++++++++++++++++
[   39.560777] cloud-init[969]: ci-info: +--------+-------+----------------------------+---------------+-------+-------------------+
[   39.562458] cloud-init[969]: ci-info: | Device |   Up  |          Address           |      Mask     | Scope |     Hw-Address    |
[[0;32m  OK  [0m] Started Daily apt activities.
[[0;32m  OK  [0m] Started Timer to automatically refresh installed snaps.
[[0;32m  OK  [0m] Started Trigger resolvconf update for networkd DNS.
[   39.595429] cloud-init[969]: ci-info: +--------+-------+----------------------------+---------------+-------+-------------------+
[   39.908676] cloud-init[969]: ci-info: | enp0s8 | False |             .              |       .       |   .   | 08:00:27:de:72:11 |
[   40.024892] cloud-init[969]: ci-info: | enp0s3 |  True |         10.0.2.15          | 255.255.255.0 |   .   | 02:c3:5d:84:7e:20 |
[[0;32m  OK  [0m] Listening on D-Bus System Message Bus Socket.
[   40.111028] cloud-init[969]: ci-info: | enp0s3 |  True | fe80::c3:5dff:fe84:7e20/64 |       .       |  link | 02:c3:5d:84:7e:20 |
[   40.228497] cloud-init[969]: ci-info: |   lo   |  True |         127.0.0.1          |   255.0.0.0   |   .   |         .         |
         Starting LXD - unix socket.
         Starting Socket activation for snappy daemon.
[[0;32m  OK  [0m] Listening on ACPID Listen Socket.
[   40.307874] cloud-init[969]: ci-info: |   lo   |  True |          ::1/128           |       .       |  host |         .         |
[   40.352593] cloud-init[969]: ci-info: +--------+-------+----------------------------+---------------+-------+-------------------+
[   40.473436] cloud-init[969]: ci-info: +++++++++++++++++++++++++++Route IPv4 info++++++++++++++++++++++++++++
[[0;32m  OK  [0m] Started ACPI Events Check.
[[0;32m  OK  [0m] Reached target Paths.
[[0;32m  OK  [0m] Started Daily Cleanup of Temporary Directories.
[   40.571625] cloud-init[969]: ci-info: +-------+-------------+----------+---------------+-----------+-------+
[   40.805702] cloud-init[969]: ci-info: | Route | Destination | Gateway  |    Genmask    | Interface | Flags |
[   40.841350] cloud-init[969]: ci-info: +-------+-------------+----------+---------------+-----------+-------+
[[0;32m  OK  [0m] Reached target Timers.
[[0;32m  OK  [0m] Listening on UUID daemon activation socket.
[[0;32m  OK  [0m] Reached target Network is Online.
[   40.898240] cloud-init[969]: ci-info: |   0   |   0.0.0.0   | 10.0.2.2 |    0.0.0.0    |   enp0s3  |   UG  |
[   40.999260] cloud-init[969]: ci-info: |   1   |   10.0.2.0  | 0.0.0.0  | 255.255.255.0 |   enp0s3  |   U   |
[   41.059393] cloud-init[969]: ci-info: +-------+-------------+----------+---------------+-----------+-------+
[   41.116262] cloud-init[969]: Generating public/private rsa key pair.
[   41.154745] cloud-init[969]: Your identification has been saved in /etc/ssh/ssh_host_rsa_key.
[   41.201425] cloud-init[969]: Your public key has been saved in /etc/ssh/ssh_host_rsa_key.pub.
[   41.226213] cloud-init[969]: The key fingerprint is:
         Starting iSCSI initiator daemon (iscsid)...
[[0;32m  OK  [0m] Listening on LXD - unix socket.
[[0;32m  OK  [0m] Listening on Socket activation for snappy daemon.
[   41.259184] cloud-init[969]: SHA256:K3Bn6vbBA8chged4erUqUfq+IMXYAQeWLIzf6FGT3Fw root@ubuntu-xenial
[   41.392356] cloud-init[969]: The key's randomart image is:
[   41.404304] cloud-init[969]: +---[RSA 2048]----+
[   41.452339] cloud-init[969]: |o.++.=..E        |
[   41.480932] cloud-init[969]: |oooo* +.         |
[   41.524299] cloud-init[969]: | o +.=. .        |
[   41.544540] cloud-init[969]: |  ++o.+o..       |
[[0;32m  OK  [0m] Reached target Sockets.
[[0;32m  OK  [0m] Reached target Basic System.
[   41.579187] cloud-init[969]: | ...==o.S.       |
[   41.640410] [cloud-init[0;32m  OK  [0m[969]: ] |  ..+o.B..       |Started Regular background program processing daemon.

[   41.640779] cloud-init[969]: |  . .+o.=        |
[   41.713772]          Starting Login Service...
cloud-init[969]:          Starting LSB: Record successful boot for GRUB...
|   ..o+. o       |[[0;32m  OK  [0m] Started Deferred execution scheduler.

         Starting Apply the settings specified in cloud-config...
         Starting LSB: MD monitoring daemon...
[   41.717173] cloud-init[969]: |     ++o.        |
[   41.780281]          cloud-initStarting Accounts Service...[969]: 
+----[SHA256]-----+
[   41.852548]          cloud-initStarting /etc/rc.local Compatibility...[969]: 
Generating public/private dsa key pair.
[   41.900437] cloud-init[969]: Your identification has been saved in /etc/ssh/ssh_host_dsa_key.
[[0;32m  OK  [0m] Started ACPI event daemon.
[   41.900936] cloud-init[969]: Your public key has been saved in /etc/ssh/ssh_host_dsa_key.pub.
         Starting System Logging Service...
[   42.040360] cloud-init[969]: The key fingerprint is:
         Starting Pollinate to seed the pseudo random number generator...
[   42.103368] cloud-init[969]: SHA256:vNrfYuBdUK6J8H6SksTid4xQvIOICJQs6EEU224xU/U root@ubuntu-xenial
[[0;32m  OK  [0m] Started Snappy daemon.
[   42.224076] cloud-init[969]: The key's randomart image is:
         Starting Auto import assertions from block devices...
[   42.273121] cloud-init[969]: +---[DSA 1024]----+
[   42.347828] [[0;32m  OK  [0m] Started D-Bus System Message Bus.
cloud-init[969]: |=+o  ...         |
[[0;32m  OK  [0m] Started FUSE filesystem for LXC.
[   42.422907] cloud-init[969]: |o=o .   .   .    |
[   42.450779] cloud-init[969]: |+..= .   E o     |
[   42.451848] cloud-init[969]: |... + +.  . .    |
[   42.452919] cloud-init[969]: |o. + + +S. +     |
[   42.453926] cloud-init[969]: |o o + = +.o .    |
[   42.454925] cloud-init[969]: |   . + B.+ .     |
         Starting LXD - container startup/shutdown...
[[0;32m  OK  [0m] Started System Logging Service.
[[0;32m  OK  [0m] Started iSCSI initiator daemon (iscsid).
[   42.494878] cloud-init[969]: |    . =oB =.     |
[   42.546935] cloud-init[969]: |     ..o.=...    |
[   42.600297] cloud-init[969]: +----[SHA256]-----+
[[0;32m  OK  [0m] Started /etc/rc.local Compatibility.
[[0;32m  OK  [0m] Started Pollinate to seed the pseudo random number generator.
[[0;32m  OK  [0m] Started Auto import assertions from block devices.
[[0;32m  OK  [0m] Started LXD - container startup/shutdown.
[   42.635949] cloud-init[969]: Generating public/private ecdsa key pair.
[   42.852716] cloud-init[969]: Your identification has been saved in /etc/ssh/ssh_host_ecdsa_key.
[   42.900916] cloud-init[969]: Your public key has been saved in /etc/ssh/ssh_host_ecdsa_key.pub.
[[0;32m  OK  [0m] Started LSB: MD monitoring daemon.
[   42.903105] cloud-init[969]: The key fingerprint is:
[   42.960195] cloud-init[969]: SHA256:yw43wmvlN6SJ3oHsWJ5+C2Kalr9ypc7Ape6RtpMbMRI root@ubuntu-xenial
[   42.960438] cloud-init[969]: The key's randomart image is:
[[0;32m  OK  [0m] Started LSB: Record successful boot for GRUB.
[   42.960569] cloud-init[969]: +---[ECDSA 256]---+
[   43.048619] cloud-init[969]: |                 |
[   43.048947] cloud-init[969]: |                 |
[[0;32m  OK  [0m] Started Login Service.
[   43.049134] cloud-init[969]: |E                |
[   43.108302] cloud-init[969]: | .               |
         Starting Authenticate and Authorize Users to Run Privileged Tasks...
[[0;32m  OK  [0m] Stopped OpenBSD Secure Shell server.
[   43.139657] cloud-init[969]: |. o .   S        |
[   43.143949] cloud-init[969]: | o * o.o...      |
[   43.145224] cloud-init[969]: |  OoooO+*+       |
         Starting OpenBSD Secure Shell server...
[   43.187502] cloud-init[969]: | o*Xo*oX=oo      |
         Starting Login to default iSCSI targets...
[[   43.263947] cloud-init[969]: | oBB*=B.+o .     |
[   43.278160] cloud-init[969]: +----[SHA256]-----+
[0;32m  OK  [0m] Started OpenBSD Secure Shell server.
[   43.278286] cloud-init[969]: Generating public/private ed25519 key pair.
[[0;32m  OK  [0m] Started Authenticate and Authorize Users to Run Privileged Tasks.
[   43.337748] cloud-init[969]: Your identification has been saved in /etc/ssh/ssh_host_ed25519_key.
[   43.448446] cloud-init[969]: Your public key has been saved in /etc/ssh/ssh_host_ed25519_key.pub.
[   43.448889] cloud-init[969]: The key fingerprint is:
[[0;32m  OK  [0m] Started Accounts Service.
[   43.449078] cloud-init[969]: SHA256:0XyHgX4DjudnymP1XiVuShQspnMDPV1qBwUW/Ye8M2I root@ubuntu-xenial
[   43.596489] cloud-init[969]: The key's randomart image is:
[   43.596735] cloud-init[969]: +--[ED25519 256]--+
[[0;32m  OK  [0m] Started Login to default iSCSI targets.
[   43.596839] cloud-init[969]: |           .*=o  |
[   43.688424] cloud-init[969]: |         +o+ *.  |
[[0;32m  OK  [0m] Started Apply the settings specified in cloud-config.
[   43.689032] cloud-init[969]: |        o+B.O.oo |
[[   43.776686] cloud-init[969]: |        .=+=o+o o|
[   43.777092] cloud-init[969]: |        Soo.....o|
[0;32m  OK  [0m] Reached target Remote File Systems (Pre).
[[   43.777168] cloud-init[969]: |         o.oE.+..|
[   43.824461] cloud-init[969]: |         . *.ooo.|
[   43.824533] cloud-init[969]: |          =. o.. |
[   43.824640] cloud-init[969]: |         . ....  |
[   43.824756] cloud-init[969]: +----[SHA256]-----+
[   43.825897] cloud-init[1070]: Generating locales (this might take a while)...
[   43.825991] cloud-init[1070]:   en_US.UTF-8... done
[   43.826101] cloud-init[1070]: Generation complete.
[   43.826211] cloud-init[1070]: Cloud-init v. 0.7.9 running 'modules:config' at Tue, 18 Apr 2017 12:20:46 +0000. Up 42.00 seconds.
[0;32m  OK  [0m] Reached target Remote File Systems.
         Starting LSB: daemon to balance interrupts for SMP systems...
         Starting Permit User Sessions...
         Starting LSB: Set the CPU Frequency Scaling governor to "ondemand"...
         Starting LSB: automatic crash report generation...
         Starting LSB: VirtualBox Linux Additions...
[[0;32m  OK  [0m] Started Permit User Sessions.
[[0;32m  OK  [0m] Started LSB: daemon to balance interrupts for SMP systems.
[[0;32m  OK  [0m] Started LSB: Set the CPU Frequency Scaling governor to "ondemand".
[[0;32m  OK  [0m] Started LSB: automatic crash report generation.
[[0;32m  OK  [0m] Created slice User Slice of ubuntu.
         Starting User Manager for UID 1000...
[[0;32m  OK  [0m] Started Session 1 of user ubuntu.
         Starting Hold until boot process finishes up...
         Starting Terminate Plymouth Boot Screen...
[[0;32m  OK  [0m] Started User Manager for UID 1000.
[[0;32m  OK  [0m] Started LSB: VirtualBox Linux Additions.
[[0;32m  OK  [0m] Started Hold until boot process finishes up.
[[0;32m  OK  [0m] Started Terminate Plymouth Boot Screen.
[[0;32m  OK  [0m] Started Getty on tty1.
[[0;32m  OK  [0m] Started Serial Getty on ttyS0.
[[0;32m  OK  [0m] Reached target Login Prompts.
         Starting Set console scheme...
[[0;32m  OK  [0m] Reached target Multi-User System.
         Starting Execute cloud user/final scripts...
[[0;32m  OK  [0m] Reached target Graphical Interface.
         Starting Update UTMP about System Runlevel Changes...
[[0;32m  OK  [0m] Started Set console scheme.
[[0;32m  OK  [0m] Started Update UTMP about System Runlevel Changes.
ci-info: no authorized ssh keys fingerprints found for user ubuntu.
<14>Apr 18 12:20:49 ec2: 
<14>Apr 18 12:20:49 ec2: #############################################################
<14>Apr 18 12:20:49 ec2: -----BEGIN SSH HOST KEY FINGERPRINTS-----
<14>Apr 18 12:20:49 ec2: 1024 SHA256:vNrfYuBdUK6J8H6SksTid4xQvIOICJQs6EEU224xU/U root@ubuntu-xenial (DSA)
<14>Apr 18 12:20:49 ec2: 256 SHA256:yw43wmvlN6SJ3oHsWJ5+C2Kalr9ypc7Ape6RtpMbMRI root@ubuntu-xenial (ECDSA)
<14>Apr 18 12:20:49 ec2: 256 SHA256:0XyHgX4DjudnymP1XiVuShQspnMDPV1qBwUW/Ye8M2I root@ubuntu-xenial (ED25519)
<14>Apr 18 12:20:49 ec2: 2048 SHA256:K3Bn6vbBA8chged4erUqUfq+IMXYAQeWLIzf6FGT3Fw root@ubuntu-xenial (RSA)
<14>Apr 18 12:20:49 ec2: -----END SSH HOST KEY FINGERPRINTS-----
<14>Apr 18 12:20:49 ec2: #############################################################
-----BEGIN SSH HOST KEY KEYS-----
ecdsa-sha2-nistp256 AAAAE2VjZHNhLXNoYTItbmlzdHAyNTYAAAAIbmlzdHAyNTYAAABBBP96nqV8y2vP/N2u/hqDJzqK5ZLJoGZ0N/CYp5j8UTP0/0K5mC/kbvKOJYkmzQjUsgPg8/jdC2u2Iq3A/xPBnvk= root@ubuntu-xenial
ssh-ed25519 AAAAC3NzaC1lZDI1NTE5AAAAIJ6kJ1YwXOOFMVHiN2M53K80DOAnyivNYmOl7YH/N0Oe root@ubuntu-xenial
ssh-rsa AAAAB3NzaC1yc2EAAAADAQABAAABAQCxbPn9P8Y3o3x1B5gvSxWFHQ0yzFGuyA6NztGohvNBVDd1Zv4EuUb2GNofOfUNUfA8hCXQUqF2a9LcqOdwFY/eq3r6ODcNNSpPkHR9Wz+2BDKFRU+m6jyniPj5I5Ty6duJl+1zgKG/xVfsZENzAfmEyHfigJv6IsxE8wKpjUA4psjFGEueb7YVjcIF4UXeaf2q/Aukvi/Oksj+LKwmWvXdRYUvRehkIBjEGYS8f6gWtjFXNT0ecWEsnnRKZKEMuN9A0iJAJC76JGPh2l3b7934fsq2EeDShtQVde+rkj5OmAhdOKloa8UhCncacEbmuoioUjerFbo1uHlmaRzk5khJ root@ubuntu-xenial
-----END SSH HOST KEY KEYS-----
[   45.739340] cloud-init[1339]: Cloud-init v. 0.7.9 running 'modules:final' at Tue, 18 Apr 2017 12:20:49 +0000. Up 45.32 seconds.
[   45.868494] cloud-init[1339]: ci-info: no authorized ssh keys fingerprints found for user ubuntu.
[   45.960542] [cloud-init[0;32m  OK  [0m[1339]: ] Cloud-init v. 0.7.9 finished at Tue, 18 Apr 2017 12:20:50 +0000. Datasource DataSourceNoCloud [seed=/dev/sdb][dsmode=net].  Up 45.73 secondsStarted Execute cloud user/final scripts.

[[0;32m  OK  [0m] Reached target Cloud-init target.

Ubuntu 16.04.2 LTS ubuntu-xenial ttyS0

ubuntu-xenial login: 